# JRE version: Java(TM) SE Runtime Environment (11.0.2+9) (build 11.0.2+9-LTS)
# Java VM: Java HotSpot(TM) 64-Bit Server VM (11.0.2+9-LTS, mixed mode, tiered, compressed oops, parallel gc, windows-amd64)
Heap:
 PSYoungGen      total 28160K, used 12960K [0x00000000eab00000, 0x00000000ec880000, 0x0000000100000000)
  eden space 25600K, 50% used [0x00000000eab00000,0x00000000eb7a8030,0x00000000ec400000)
  from space 2560K, 0% used [0x00000000ec400000,0x00000000ec400000,0x00000000ec680000)
  to   space 1024K, 0% used [0x00000000ec780000,0x00000000ec780000,0x00000000ec880000)
 ParOldGen       total 68608K, used 13100K [0x00000000c0000000, 0x00000000c4300000, 0x00000000eab00000)
  object space 68608K, 19% used [0x00000000c0000000,0x00000000c0ccb2f8,0x00000000c4300000)
 Metaspace       used 37867K, capacity 39829K, committed 40064K, reserved 1097728K
  class space    used 3922K, capacity 4670K, committed 4736K, reserved 1048576K
GC Heap History (10 events):
Event: 12.244 GC heap before
{Heap before GC invocations=7 (full 2):
 PSYoungGen      total 29696K, used 4071K [0x00000000eab00000, 0x00000000ecc00000, 0x0000000100000000)
  eden space 25600K, 0% used [0x00000000eab00000,0x00000000eab00000,0x00000000ec400000)
  from space 4096K, 99% used [0x00000000ec400000,0x00000000ec7f9db8,0x00000000ec800000)
  to   space 4096K, 0% used [0x00000000ec800000,0x00000000ec800000,0x00000000ecc00000)
 ParOldGen       total 68608K, used 9052K [0x00000000c0000000, 0x00000000c4300000, 0x00000000eab00000)
  object space 68608K, 13% used [0x00000000c0000000,0x00000000c08d72a8,0x00000000c4300000)
 Metaspace       used 33301K, capacity 35280K, committed 35328K, reserved 1081344K
  class space    used 3338K, capacity 4074K, committed 4096K, reserved 1048576K
}
Event: 12.358 GC heap after
{Heap after GC invocations=7 (full 2):
 PSYoungGen      total 29696K, used 0K [0x00000000eab00000, 0x00000000ecc00000, 0x0000000100000000)
  eden space 25600K, 0% used [0x00000000eab00000,0x00000000eab00000,0x00000000ec400000)
  from space 4096K, 0% used [0x00000000ec400000,0x00000000ec400000,0x00000000ec800000)
  to   space 4096K, 0% used [0x00000000ec800000,0x00000000ec800000,0x00000000ecc00000)
 ParOldGen       total 68608K, used 12446K [0x00000000c0000000, 0x00000000c4300000, 0x00000000eab00000)
  object space 68608K, 18% used [0x00000000c0000000,0x00000000c0c27bb0,0x00000000c4300000)
 Metaspace       used 33301K, capacity 35280K, committed 35328K, reserved 1081344K
  class space    used 3338K, capacity 4074K, committed 4096K, reserved 1048576K
}
Event: 12.723 GC heap before
{Heap before GC invocations=8 (full 2):
 PSYoungGen      total 29696K, used 11915K [0x00000000eab00000, 0x00000000ecc00000, 0x0000000100000000)
  eden space 25600K, 46% used [0x00000000eab00000,0x00000000eb6a2ce0,0x00000000ec400000)
  from space 4096K, 0% used [0x00000000ec400000,0x00000000ec400000,0x00000000ec800000)
  to   space 4096K, 0% used [0x00000000ec800000,0x00000000ec800000,0x00000000ecc00000)
 ParOldGen       total 68608K, used 12446K [0x00000000c0000000, 0x00000000c4300000, 0x00000000eab00000)
  object space 68608K, 18% used [0x00000000c0000000,0x00000000c0c27bb0,0x00000000c4300000)
 Metaspace       used 34911K, capacity 37033K, committed 37120K, reserved 1087488K
  class space    used 3540K, capacity 4273K, committed 4352K, reserved 1048576K
}
Event: 12.726 GC heap after
{Heap after GC invocations=8 (full 2):
 PSYoungGen      total 26624K, used 760K [0x00000000eab00000, 0x00000000ec900000, 0x0000000100000000)
  eden space 25600K, 0% used [0x00000000eab00000,0x00000000eab00000,0x00000000ec400000)
  from space 1024K, 74% used [0x00000000ec800000,0x00000000ec8be0d0,0x00000000ec900000)
  to   space 2560K, 0% used [0x00000000ec400000,0x00000000ec400000,0x00000000ec680000)
 ParOldGen       total 68608K, used 12454K [0x00000000c0000000, 0x00000000c4300000, 0x00000000eab00000)
  object space 68608K, 18% used [0x00000000c0000000,0x00000000c0c29bb0,0x00000000c4300000)
 Metaspace       used 34911K, capacity 37033K, committed 37120K, reserved 1087488K
  class space    used 3540K, capacity 4273K, committed 4352K, reserved 1048576K
}
Event: 12.727 GC heap before
{Heap before GC invocations=9 (full 3):
 PSYoungGen      total 26624K, used 760K [0x00000000eab00000, 0x00000000ec900000, 0x0000000100000000)
  eden space 25600K, 0% used [0x00000000eab00000,0x00000000eab00000,0x00000000ec400000)
  from space 1024K, 74% used [0x00000000ec800000,0x00000000ec8be0d0,0x00000000ec900000)
  to   space 2560K, 0% used [0x00000000ec400000,0x00000000ec400000,0x00000000ec680000)
 ParOldGen       total 68608K, used 12454K [0x00000000c0000000, 0x00000000c4300000, 0x00000000eab00000)
  object space 68608K, 18% used [0x00000000c0000000,0x00000000c0c29bb0,0x00000000c4300000)
 Metaspace       used 34911K, capacity 37033K, committed 37120K, reserved 1087488K
  class space    used 3540K, capacity 4273K, committed 4352K, reserved 1048576K
}
Event: 12.819 GC heap after
{Heap after GC invocations=9 (full 3):
 PSYoungGen      total 26624K, used 0K [0x00000000eab00000, 0x00000000ec900000, 0x0000000100000000)
  eden space 25600K, 0% used [0x00000000eab00000,0x00000000eab00000,0x00000000ec400000)
  from space 1024K, 0% used [0x00000000ec800000,0x00000000ec800000,0x00000000ec900000)
  to   space 2560K, 0% used [0x00000000ec400000,0x00000000ec400000,0x00000000ec680000)
 ParOldGen       total 68608K, used 12951K [0x00000000c0000000, 0x00000000c4300000, 0x00000000eab00000)
  object space 68608K, 18% used [0x00000000c0000000,0x00000000c0ca5fd8,0x00000000c4300000)
 Metaspace       used 34911K, capacity 37033K, committed 37120K, reserved 1087488K
  class space    used 3540K, capacity 4273K, committed 4352K, reserved 1048576K
}
Event: 12.962 GC heap before
{Heap before GC invocations=10 (full 3):
 PSYoungGen      total 26624K, used 5172K [0x00000000eab00000, 0x00000000ec900000, 0x0000000100000000)
  eden space 25600K, 20% used [0x00000000eab00000,0x00000000eb00d3f8,0x00000000ec400000)
  from space 1024K, 0% used [0x00000000ec800000,0x00000000ec800000,0x00000000ec900000)
  to   space 2560K, 0% used [0x00000000ec400000,0x00000000ec400000,0x00000000ec680000)
 ParOldGen       total 68608K, used 12951K [0x00000000c0000000, 0x00000000c4300000, 0x00000000eab00000)
  object space 68608K, 18% used [0x00000000c0000000,0x00000000c0ca5fd8,0x00000000c4300000)
 Metaspace       used 35845K, capacity 37883K, committed 38016K, reserved 1093632K
  class space    used 3662K, capacity 4406K, committed 4480K, reserved 1048576K
}
Event: 12.964 GC heap after
{Heap after GC invocations=10 (full 3):
 PSYoungGen      total 28160K, used 320K [0x00000000eab00000, 0x00000000ec880000, 0x0000000100000000)
  eden space 25600K, 0% used [0x00000000eab00000,0x00000000eab00000,0x00000000ec400000)
  from space 2560K, 12% used [0x00000000ec400000,0x00000000ec450000,0x00000000ec680000)
  to   space 1024K, 0% used [0x00000000ec780000,0x00000000ec780000,0x00000000ec880000)
 ParOldGen       total 68608K, used 12951K [0x00000000c0000000, 0x00000000c4300000, 0x00000000eab00000)
  object space 68608K, 18% used [0x00000000c0000000,0x00000000c0ca5fd8,0x00000000c4300000)
 Metaspace       used 35845K, capacity 37883K, committed 38016K, reserved 1093632K
  class space    used 3662K, capacity 4406K, committed 4480K, reserved 1048576K
}
Event: 12.964 GC heap before
{Heap before GC invocations=11 (full 4):
 PSYoungGen      total 28160K, used 320K [0x00000000eab00000, 0x00000000ec880000, 0x0000000100000000)
  eden space 25600K, 0% used [0x00000000eab00000,0x00000000eab00000,0x00000000ec400000)
  from space 2560K, 12% used [0x00000000ec400000,0x00000000ec450000,0x00000000ec680000)
  to   space 1024K, 0% used [0x00000000ec780000,0x00000000ec780000,0x00000000ec880000)
 ParOldGen       total 68608K, used 12951K [0x00000000c0000000, 0x00000000c4300000, 0x00000000eab00000)
  object space 68608K, 18% used [0x00000000c0000000,0x00000000c0ca5fd8,0x00000000c4300000)
 Metaspace       used 35845K, capacity 37883K, committed 38016K, reserved 1093632K
  class space    used 3662K, capacity 4406K, committed 4480K, reserved 1048576K
}
Event: 13.015 GC heap after
{Heap after GC invocations=11 (full 4):
 PSYoungGen      total 28160K, used 0K [0x00000000eab00000, 0x00000000ec880000, 0x0000000100000000)
  eden space 25600K, 0% used [0x00000000eab00000,0x00000000eab00000,0x00000000ec400000)
  from space 2560K, 0% used [0x00000000ec400000,0x00000000ec400000,0x00000000ec680000)
  to   space 1024K, 0% used [0x00000000ec780000,0x00000000ec780000,0x00000000ec880000)
 ParOldGen       total 68608K, used 13100K [0x00000000c0000000, 0x00000000c4300000, 0x00000000eab00000)
  object space 68608K, 19% used [0x00000000c0000000,0x00000000c0ccb2f8,0x00000000c4300000)
 Metaspace       used 35845K, capacity 37883K, committed 38016K, reserved 1093632K
  class space    used 3662K, capacity 4406K, committed 4480K, reserved 1048576K
}

