# JRE version: Java(TM) SE Runtime Environment (11.0.2+9) (build 11.0.2+9-LTS)
# Java VM: Java HotSpot(TM) 64-Bit Server VM (11.0.2+9-LTS, mixed mode, tiered, compressed oops, parallel gc, windows-amd64)
Heap:
 PSYoungGen      total 26112K, used 1842K [0x00000000eab00000, 0x00000000ec880000, 0x0000000100000000)
  eden space 25600K, 7% used [0x00000000eab00000,0x00000000eaccca48,0x00000000ec400000)
  from space 512K, 0% used [0x00000000ec400000,0x00000000ec400000,0x00000000ec480000)
  to   space 1024K, 0% used [0x00000000ec780000,0x00000000ec780000,0x00000000ec880000)
 ParOldGen       total 68608K, used 7886K [0x00000000c0000000, 0x00000000c4300000, 0x00000000eab00000)
  object space 68608K, 11% used [0x00000000c0000000,0x00000000c07b3bb8,0x00000000c4300000)
 Metaspace       used 25713K, capacity 26960K, committed 27264K, reserved 1077248K
  class space    used 2360K, capacity 2826K, committed 2944K, reserved 1048576K
GC Heap History (10 events):
Event: 8.308 GC heap before
{Heap before GC invocations=4 (full 1):
 PSYoungGen      total 29696K, used 4065K [0x00000000eab00000, 0x00000000ecc00000, 0x0000000100000000)
  eden space 25600K, 0% used [0x00000000eab00000,0x00000000eab00000,0x00000000ec400000)
  from space 4096K, 99% used [0x00000000ec400000,0x00000000ec7f8640,0x00000000ec800000)
  to   space 4096K, 0% used [0x00000000ec800000,0x00000000ec800000,0x00000000ecc00000)
 ParOldGen       total 68608K, used 3078K [0x00000000c0000000, 0x00000000c4300000, 0x00000000eab00000)
  object space 68608K, 4% used [0x00000000c0000000,0x00000000c03019f0,0x00000000c4300000)
 Metaspace       used 20260K, capacity 21180K, committed 21248K, reserved 1069056K
  class space    used 1894K, capacity 2255K, committed 2304K, reserved 1048576K
}
Event: 8.364 GC heap after
{Heap after GC invocations=4 (full 1):
 PSYoungGen      total 29696K, used 0K [0x00000000eab00000, 0x00000000ecc00000, 0x0000000100000000)
  eden space 25600K, 0% used [0x00000000eab00000,0x00000000eab00000,0x00000000ec400000)
  from space 4096K, 0% used [0x00000000ec400000,0x00000000ec400000,0x00000000ec800000)
  to   space 4096K, 0% used [0x00000000ec800000,0x00000000ec800000,0x00000000ecc00000)
 ParOldGen       total 68608K, used 7024K [0x00000000c0000000, 0x00000000c4300000, 0x00000000eab00000)
  object space 68608K, 10% used [0x00000000c0000000,0x00000000c06dc048,0x00000000c4300000)
 Metaspace       used 20260K, capacity 21180K, committed 21248K, reserved 1069056K
  class space    used 1894K, capacity 2255K, committed 2304K, reserved 1048576K
}
Event: 9.910 GC heap before
{Heap before GC invocations=5 (full 1):
 PSYoungGen      total 29696K, used 21522K [0x00000000eab00000, 0x00000000ecc00000, 0x0000000100000000)
  eden space 25600K, 84% used [0x00000000eab00000,0x00000000ec004b40,0x00000000ec400000)
  from space 4096K, 0% used [0x00000000ec400000,0x00000000ec400000,0x00000000ec800000)
  to   space 4096K, 0% used [0x00000000ec800000,0x00000000ec800000,0x00000000ecc00000)
 ParOldGen       total 68608K, used 7024K [0x00000000c0000000, 0x00000000c4300000, 0x00000000eab00000)
  object space 68608K, 10% used [0x00000000c0000000,0x00000000c06dc048,0x00000000c4300000)
 Metaspace       used 25806K, capacity 27201K, committed 27264K, reserved 1079296K
  class space    used 2394K, capacity 2907K, committed 2944K, reserved 1048576K
}
Event: 9.935 GC heap after
{Heap after GC invocations=5 (full 1):
 PSYoungGen      total 29696K, used 1782K [0x00000000eab00000, 0x00000000ecc00000, 0x0000000100000000)
  eden space 25600K, 0% used [0x00000000eab00000,0x00000000eab00000,0x00000000ec400000)
  from space 4096K, 43% used [0x00000000ec800000,0x00000000ec9bdb78,0x00000000ecc00000)
  to   space 4096K, 0% used [0x00000000ec400000,0x00000000ec400000,0x00000000ec800000)
 ParOldGen       total 68608K, used 7032K [0x00000000c0000000, 0x00000000c4300000, 0x00000000eab00000)
  object space 68608K, 10% used [0x00000000c0000000,0x00000000c06de048,0x00000000c4300000)
 Metaspace       used 25806K, capacity 27201K, committed 27264K, reserved 1079296K
  class space    used 2394K, capacity 2907K, committed 2944K, reserved 1048576K
}
Event: 9.935 GC heap before
{Heap before GC invocations=6 (full 2):
 PSYoungGen      total 29696K, used 1782K [0x00000000eab00000, 0x00000000ecc00000, 0x0000000100000000)
  eden space 25600K, 0% used [0x00000000eab00000,0x00000000eab00000,0x00000000ec400000)
  from space 4096K, 43% used [0x00000000ec800000,0x00000000ec9bdb78,0x00000000ecc00000)
  to   space 4096K, 0% used [0x00000000ec400000,0x00000000ec400000,0x00000000ec800000)
 ParOldGen       total 68608K, used 7032K [0x00000000c0000000, 0x00000000c4300000, 0x00000000eab00000)
  object space 68608K, 10% used [0x00000000c0000000,0x00000000c06de048,0x00000000c4300000)
 Metaspace       used 25806K, capacity 27201K, committed 27264K, reserved 1079296K
  class space    used 2394K, capacity 2907K, committed 2944K, reserved 1048576K
}
Event: 9.999 GC heap after
{Heap after GC invocations=6 (full 2):
 PSYoungGen      total 29696K, used 0K [0x00000000eab00000, 0x00000000ecc00000, 0x0000000100000000)
  eden space 25600K, 0% used [0x00000000eab00000,0x00000000eab00000,0x00000000ec400000)
  from space 4096K, 0% used [0x00000000ec800000,0x00000000ec800000,0x00000000ecc00000)
  to   space 4096K, 0% used [0x00000000ec400000,0x00000000ec400000,0x00000000ec800000)
 ParOldGen       total 68608K, used 8714K [0x00000000c0000000, 0x00000000c4300000, 0x00000000eab00000)
  object space 68608K, 12% used [0x00000000c0000000,0x00000000c0882900,0x00000000c4300000)
 Metaspace       used 25806K, capacity 27201K, committed 27264K, reserved 1079296K
  class space    used 2394K, capacity 2907K, committed 2944K, reserved 1048576K
}
Event: 9.999 GC heap before
{Heap before GC invocations=7 (full 2):
 PSYoungGen      total 29696K, used 0K [0x00000000eab00000, 0x00000000ecc00000, 0x0000000100000000)
  eden space 25600K, 0% used [0x00000000eab00000,0x00000000eab00000,0x00000000ec400000)
  from space 4096K, 0% used [0x00000000ec800000,0x00000000ec800000,0x00000000ecc00000)
  to   space 4096K, 0% used [0x00000000ec400000,0x00000000ec400000,0x00000000ec800000)
 ParOldGen       total 68608K, used 8714K [0x00000000c0000000, 0x00000000c4300000, 0x00000000eab00000)
  object space 68608K, 12% used [0x00000000c0000000,0x00000000c0882900,0x00000000c4300000)
 Metaspace       used 25806K, capacity 27201K, committed 27264K, reserved 1083392K
  class space    used 2394K, capacity 2907K, committed 2944K, reserved 1048576K
}
Event: 10.000 GC heap after
{Heap after GC invocations=7 (full 2):
 PSYoungGen      total 26112K, used 0K [0x00000000eab00000, 0x00000000ec880000, 0x0000000100000000)
  eden space 25600K, 0% used [0x00000000eab00000,0x00000000eab00000,0x00000000ec400000)
  from space 512K, 0% used [0x00000000ec400000,0x00000000ec400000,0x00000000ec480000)
  to   space 1024K, 0% used [0x00000000ec780000,0x00000000ec780000,0x00000000ec880000)
 ParOldGen       total 68608K, used 8714K [0x00000000c0000000, 0x00000000c4300000, 0x00000000eab00000)
  object space 68608K, 12% used [0x00000000c0000000,0x00000000c0882900,0x00000000c4300000)
 Metaspace       used 25806K, capacity 27201K, committed 27264K, reserved 1083392K
  class space    used 2394K, capacity 2907K, committed 2944K, reserved 1048576K
}
Event: 10.000 GC heap before
{Heap before GC invocations=8 (full 3):
 PSYoungGen      total 26112K, used 0K [0x00000000eab00000, 0x00000000ec880000, 0x0000000100000000)
  eden space 25600K, 0% used [0x00000000eab00000,0x00000000eab00000,0x00000000ec400000)
  from space 512K, 0% used [0x00000000ec400000,0x00000000ec400000,0x00000000ec480000)
  to   space 1024K, 0% used [0x00000000ec780000,0x00000000ec780000,0x00000000ec880000)
 ParOldGen       total 68608K, used 8714K [0x00000000c0000000, 0x00000000c4300000, 0x00000000eab00000)
  object space 68608K, 12% used [0x00000000c0000000,0x00000000c0882900,0x00000000c4300000)
 Metaspace       used 25806K, capacity 27201K, committed 27264K, reserved 1083392K
  class space    used 2394K, capacity 2907K, committed 2944K, reserved 1048576K
}
Event: 10.186 GC heap after
{Heap after GC invocations=8 (full 3):
 PSYoungGen      total 26112K, used 0K [0x00000000eab00000, 0x00000000ec880000, 0x0000000100000000)
  eden space 25600K, 0% used [0x00000000eab00000,0x00000000eab00000,0x00000000ec400000)
  from space 512K, 0% used [0x00000000ec400000,0x00000000ec400000,0x00000000ec480000)
  to   space 1024K, 0% used [0x00000000ec780000,0x00000000ec780000,0x00000000ec880000)
 ParOldGen       total 68608K, used 7886K [0x00000000c0000000, 0x00000000c4300000, 0x00000000eab00000)
  object space 68608K, 11% used [0x00000000c0000000,0x00000000c07b3bb8,0x00000000c4300000)
 Metaspace       used 25650K, capacity 26960K, committed 27264K, reserved 1075200K
  class space    used 2352K, capacity 2826K, committed 2944K, reserved 1048576K
}

